<?xml version="1.0" encoding="UTF-8"?>
<!-- Generated by org.testng.reporters.JUnitReportReporter -->
<testsuite skipped="0" hostname="DA17091012" name="com.gateway.automationpractice.tests.Scenario1" tests="1" failures="0" timestamp="2019-07-03T18:45:46 IST" time="22.279" errors="0">
  <testcase name="productBuy" time="22.279" classname="com.gateway.automationpractice.tests.Scenario1"/>
</testsuite> <!-- com.gateway.automationpractice.tests.Scenario1 -->
