<?xml version="1.0" encoding="UTF-8"?>
<!-- Generated by org.testng.reporters.JUnitReportReporter -->
<testsuite skipped="0" hostname="DA17091012" name="com.gateway.automationpractice.tests.Scenario2" tests="1" failures="0" timestamp="2019-07-03T18:45:46 IST" time="6.632" errors="0">
  <testcase name="searchName" time="6.632" classname="com.gateway.automationpractice.tests.Scenario2"/>
</testsuite> <!-- com.gateway.automationpractice.tests.Scenario2 -->
